<?xml version="1.0" encoding="UTF-8"?>
<coverage generated="1695601549349" clover="3.2.0">
  <project timestamp="1695601549349" name="All files">
    <metrics statements="107" coveredstatements="101" conditionals="27" coveredconditionals="22" methods="17" coveredmethods="17" elements="151" coveredelements="140" complexity="0" loc="107" ncloc="107" packages="8" files="10" classes="10"/>
    <package name="common">
      <metrics statements="7" coveredstatements="7" conditionals="0" coveredconditionals="0" methods="1" coveredmethods="1"/>
      <file name="GenerateToken.ts" path="C:\BrandoCarquin\poc-typescript-serverless\poc-typescript-serverless\common\GenerateToken.ts">
        <metrics statements="7" coveredstatements="7" conditionals="0" coveredconditionals="0" methods="1" coveredmethods="1"/>
        <line num="1" count="1" type="stmt"/>
        <line num="2" count="4" type="stmt"/>
        <line num="3" count="4" type="stmt"/>
        <line num="5" count="4" type="stmt"/>
        <line num="6" count="64" type="stmt"/>
        <line num="7" count="64" type="stmt"/>
        <line num="10" count="4" type="stmt"/>
      </file>
    </package>
    <package name="common.constant">
      <metrics statements="1" coveredstatements="1" conditionals="0" coveredconditionals="0" methods="0" coveredmethods="0"/>
      <file name="ErrorConstant.ts" path="C:\BrandoCarquin\poc-typescript-serverless\poc-typescript-serverless\common\constant\ErrorConstant.ts">
        <metrics statements="1" coveredstatements="1" conditionals="0" coveredconditionals="0" methods="0" coveredmethods="0"/>
        <line num="1" count="2" type="stmt"/>
      </file>
    </package>
    <package name="common.db">
      <metrics statements="8" coveredstatements="5" conditionals="0" coveredconditionals="0" methods="2" coveredmethods="2"/>
      <file name="MySqlDB.ts" path="C:\BrandoCarquin\poc-typescript-serverless\poc-typescript-serverless\common\db\MySqlDB.ts">
        <metrics statements="8" coveredstatements="5" conditionals="0" coveredconditionals="0" methods="2" coveredmethods="2"/>
        <line num="1" count="1" type="stmt"/>
        <line num="3" count="1" type="stmt"/>
        <line num="4" count="1" type="stmt"/>
        <line num="5" count="1" type="stmt"/>
        <line num="13" count="0" type="stmt"/>
        <line num="15" count="0" type="stmt"/>
        <line num="16" count="0" type="stmt"/>
        <line num="20" count="1" type="stmt"/>
      </file>
    </package>
    <package name="src">
      <metrics statements="38" coveredstatements="37" conditionals="11" coveredconditionals="10" methods="4" coveredmethods="4"/>
      <file name="ChangeCard.ts" path="C:\BrandoCarquin\poc-typescript-serverless\poc-typescript-serverless\src\ChangeCard.ts">
        <metrics statements="12" coveredstatements="12" conditionals="3" coveredconditionals="3" methods="2" coveredmethods="2"/>
        <line num="1" count="1" type="stmt"/>
        <line num="2" count="1" type="stmt"/>
        <line num="3" count="1" type="stmt"/>
        <line num="4" count="3" type="stmt"/>
        <line num="5" count="3" type="stmt"/>
        <line num="6" count="3" type="stmt"/>
        <line num="7" count="3" type="stmt"/>
        <line num="8" count="3" type="cond" truecount="2" falsecount="0"/>
        <line num="9" count="3" type="cond" truecount="1" falsecount="0"/>
        <line num="17" count="2" type="stmt"/>
        <line num="18" count="2" type="stmt"/>
        <line num="20" count="1" type="stmt"/>
      </file>
      <file name="TokenCard.ts" path="C:\BrandoCarquin\poc-typescript-serverless\poc-typescript-serverless\src\TokenCard.ts">
        <metrics statements="26" coveredstatements="25" conditionals="8" coveredconditionals="7" methods="2" coveredmethods="2"/>
        <line num="1" count="1" type="stmt"/>
        <line num="2" count="1" type="stmt"/>
        <line num="3" count="1" type="stmt"/>
        <line num="4" count="1" type="stmt"/>
        <line num="5" count="1" type="stmt"/>
        <line num="6" count="1" type="stmt"/>
        <line num="7" count="1" type="stmt"/>
        <line num="9" count="6" type="stmt"/>
        <line num="10" count="6" type="cond" truecount="3" falsecount="0"/>
        <line num="11" count="6" type="stmt"/>
        <line num="12" count="6" type="stmt"/>
        <line num="13" count="6" type="cond" truecount="1" falsecount="0"/>
        <line num="14" count="1" type="stmt"/>
        <line num="22" count="5" type="stmt"/>
        <line num="23" count="5" type="cond" truecount="0" falsecount="1"/>
        <line num="24" count="0" type="stmt"/>
        <line num="35" count="5" type="stmt"/>
        <line num="36" count="5" type="cond" truecount="1" falsecount="0"/>
        <line num="37" count="1" type="stmt"/>
        <line num="47" count="4" type="stmt"/>
        <line num="49" count="4" type="stmt"/>
        <line num="50" count="4" type="cond" truecount="2" falsecount="0"/>
        <line num="51" count="3" type="stmt"/>
        <line num="52" count="3" type="stmt"/>
        <line num="54" count="1" type="stmt"/>
        <line num="66" count="1" type="stmt"/>
      </file>
    </package>
    <package name="src.constant">
      <metrics statements="1" coveredstatements="1" conditionals="0" coveredconditionals="0" methods="0" coveredmethods="0"/>
      <file name="CardConstant.ts" path="C:\BrandoCarquin\poc-typescript-serverless\poc-typescript-serverless\src\constant\CardConstant.ts">
        <metrics statements="1" coveredstatements="1" conditionals="0" coveredconditionals="0" methods="0" coveredmethods="0"/>
        <line num="1" count="2" type="stmt"/>
      </file>
    </package>
    <package name="src.support">
      <metrics statements="23" coveredstatements="21" conditionals="14" coveredconditionals="10" methods="2" coveredmethods="2"/>
      <file name="CardSupport.ts" path="C:\BrandoCarquin\poc-typescript-serverless\poc-typescript-serverless\src\support\CardSupport.ts">
        <metrics statements="23" coveredstatements="21" conditionals="14" coveredconditionals="10" methods="2" coveredmethods="2"/>
        <line num="1" count="1" type="stmt"/>
        <line num="2" count="5" type="stmt"/>
        <line num="3" count="5" type="stmt"/>
        <line num="4" count="5" type="stmt"/>
        <line num="5" count="5" type="stmt"/>
        <line num="7" count="5" type="cond" truecount="4" falsecount="0"/>
        <line num="8" count="4" type="stmt"/>
        <line num="9" count="1" type="cond" truecount="2" falsecount="2"/>
        <line num="10" count="0" type="stmt"/>
        <line num="11" count="1" type="cond" truecount="2" falsecount="2"/>
        <line num="12" count="0" type="stmt"/>
        <line num="14" count="1" type="stmt"/>
        <line num="18" count="1" type="stmt"/>
        <line num="19" count="5" type="stmt"/>
        <line num="20" count="5" type="stmt"/>
        <line num="22" count="5" type="stmt"/>
        <line num="23" count="80" type="stmt"/>
        <line num="25" count="80" type="cond" truecount="1" falsecount="0"/>
        <line num="26" count="40" type="stmt"/>
        <line num="27" count="40" type="cond" truecount="1" falsecount="0"/>
        <line num="28" count="25" type="stmt"/>
        <line num="32" count="80" type="stmt"/>
        <line num="35" count="5" type="stmt"/>
      </file>
    </package>
    <package name="src.valid">
      <metrics statements="25" coveredstatements="25" conditionals="2" coveredconditionals="2" methods="6" coveredmethods="6"/>
      <file name="ChangeCardValidate.ts" path="C:\BrandoCarquin\poc-typescript-serverless\poc-typescript-serverless\src\valid\ChangeCardValidate.ts">
        <metrics statements="10" coveredstatements="10" conditionals="0" coveredconditionals="0" methods="2" coveredmethods="2"/>
        <line num="1" count="1" type="stmt"/>
        <line num="2" count="1" type="stmt"/>
        <line num="4" count="3" type="stmt"/>
        <line num="5" count="3" type="stmt"/>
        <line num="8" count="3" type="stmt"/>
        <line num="9" count="3" type="stmt"/>
        <line num="13" count="2" type="stmt"/>
        <line num="17" count="1" type="stmt"/>
        <line num="18" count="1" type="stmt"/>
        <line num="19" count="1" type="stmt"/>
      </file>
      <file name="TokenCardValidate.ts" path="C:\BrandoCarquin\poc-typescript-serverless\poc-typescript-serverless\src\valid\TokenCardValidate.ts">
        <metrics statements="15" coveredstatements="15" conditionals="2" coveredconditionals="2" methods="4" coveredmethods="4"/>
        <line num="1" count="1" type="stmt"/>
        <line num="2" count="1" type="stmt"/>
        <line num="3" count="1" type="stmt"/>
        <line num="5" count="6" type="stmt"/>
        <line num="6" count="6" type="stmt"/>
        <line num="15" count="6" type="stmt"/>
        <line num="16" count="6" type="cond" truecount="2" falsecount="0"/>
        <line num="17" count="5" type="stmt"/>
        <line num="19" count="1" type="stmt"/>
        <line num="25" count="6" type="stmt"/>
        <line num="26" count="6" type="stmt"/>
        <line num="29" count="5" type="stmt"/>
        <line num="33" count="1" type="stmt"/>
        <line num="34" count="1" type="stmt"/>
        <line num="35" count="1" type="stmt"/>
      </file>
    </package>
    <package name="test.common">
      <metrics statements="4" coveredstatements="4" conditionals="0" coveredconditionals="0" methods="2" coveredmethods="2"/>
      <file name="Event.ts" path="C:\BrandoCarquin\poc-typescript-serverless\poc-typescript-serverless\test\common\Event.ts">
        <metrics statements="4" coveredstatements="4" conditionals="0" coveredconditionals="0" methods="2" coveredmethods="2"/>
        <line num="1" count="2" type="stmt"/>
        <line num="2" count="6" type="stmt"/>
        <line num="73" count="2" type="stmt"/>
        <line num="74" count="3" type="stmt"/>
      </file>
    </package>
  </project>
</coverage>
