{"C:\\BrandoCarquin\\poc-typescript-serverless\\poc-typescript-serverless\\common\\GenerateToken.ts": {"path":"C:\\BrandoCarquin\\poc-typescript-serverless\\poc-typescript-serverless\\common\\GenerateToken.ts","statementMap":{"0":{"start":{"line":1,"column":35},"end":{"line":11,"column":1}},"1":{"start":{"line":2,"column":31},"end":{"line":2,"column":95}},"2":{"start":{"line":3,"column":28},"end":{"line":3,"column":30}},"3":{"start":{"line":5,"column":4},"end":{"line":8,"column":null}},"4":{"start":{"line":5,"column":17},"end":{"line":5,"column":18}},"5":{"start":{"line":6,"column":36},"end":{"line":6,"column":81}},"6":{"start":{"line":7,"column":8},"end":{"line":7,"column":56}},"7":{"start":{"line":10,"column":4},"end":{"line":10,"column":31}},"8":{"start":{"line":1,"column":13},"end":{"line":1,"column":35}}},"fnMap":{"0":{"name":"(anonymous_0)","decl":{"start":{"line":1,"column":35},"end":{"line":1,"column":36}},"loc":{"start":{"line":1,"column":62},"end":{"line":11,"column":1}}}},"branchMap":{},"s":{"0":1,"1":3,"2":3,"3":3,"4":3,"5":48,"6":48,"7":3,"8":1},"f":{"0":3},"b":{}}
,"C:\\BrandoCarquin\\poc-typescript-serverless\\poc-typescript-serverless\\common\\constant\\ErrorConstant.ts": {"path":"C:\\BrandoCarquin\\poc-typescript-serverless\\poc-typescript-serverless\\common\\constant\\ErrorConstant.ts","statementMap":{"0":{"start":{"line":1,"column":13},"end":{"line":12,"column":2}}},"fnMap":{},"branchMap":{},"s":{"0":2},"f":{},"b":{}}
,"C:\\BrandoCarquin\\poc-typescript-serverless\\poc-typescript-serverless\\src\\ChangeCard.ts": {"path":"C:\\BrandoCarquin\\poc-typescript-serverless\\poc-typescript-serverless\\src\\ChangeCard.ts","statementMap":{"0":{"start":{"line":1,"column":0},"end":{"line":1,"column":59}},"1":{"start":{"line":2,"column":0},"end":{"line":2,"column":61}},"2":{"start":{"line":3,"column":0},"end":{"line":3,"column":53}},"3":{"start":{"line":4,"column":28},"end":{"line":32,"column":null}},"4":{"start":{"line":4,"column":49},"end":{"line":32,"column":null}},"5":{"start":{"line":5,"column":20},"end":{"line":5,"column":33}},"6":{"start":{"line":6,"column":18},"end":{"line":6,"column":42}},"7":{"start":{"line":7,"column":18},"end":{"line":7,"column":59}},"8":{"start":{"line":8,"column":21},"end":{"line":8,"column":74}},"9":{"start":{"line":9,"column":4},"end":{"line":15,"column":6}},"10":{"start":{"line":9,"column":60},"end":{"line":15,"column":6}},"11":{"start":{"line":17,"column":4},"end":{"line":30,"column":null}},"12":{"start":{"line":18,"column":8},"end":{"line":18,"column":54}},"13":{"start":{"line":20,"column":8},"end":{"line":29,"column":10}},"14":{"start":{"line":4,"column":13},"end":{"line":4,"column":28}}},"fnMap":{"0":{"name":"(anonymous_7)","decl":{"start":{"line":4,"column":28},"end":{"line":4,"column":35}},"loc":{"start":{"line":4,"column":49},"end":{"line":32,"column":null}}},"1":{"name":"(anonymous_8)","decl":{"start":{"line":4,"column":49},"end":{"line":4,"column":null}},"loc":{"start":{"line":4,"column":49},"end":{"line":32,"column":1}}}},"branchMap":{"0":{"loc":{"start":{"line":8,"column":50},"end":{"line":8,"column":71}},"type":"cond-expr","locations":[{"start":{"line":8,"column":58},"end":{"line":8,"column":66}},{"start":{"line":8,"column":69},"end":{"line":8,"column":71}}]},"1":{"loc":{"start":{"line":9,"column":4},"end":{"line":15,"column":6}},"type":"if","locations":[{"start":{"line":9,"column":4},"end":{"line":15,"column":6}}]}},"s":{"0":1,"1":1,"2":1,"3":1,"4":3,"5":3,"6":3,"7":3,"8":3,"9":3,"10":1,"11":2,"12":2,"13":1,"14":1},"f":{"0":3,"1":3},"b":{"0":[2,1],"1":[1]}}
,"C:\\BrandoCarquin\\poc-typescript-serverless\\poc-typescript-serverless\\src\\TokenCard.ts": {"path":"C:\\BrandoCarquin\\poc-typescript-serverless\\poc-typescript-serverless\\src\\TokenCard.ts","statementMap":{"0":{"start":{"line":1,"column":0},"end":{"line":1,"column":64}},"1":{"start":{"line":2,"column":0},"end":{"line":2,"column":62}},"2":{"start":{"line":3,"column":0},"end":{"line":3,"column":70}},"3":{"start":{"line":4,"column":0},"end":{"line":4,"column":57}},"4":{"start":{"line":5,"column":0},"end":{"line":5,"column":61}},"5":{"start":{"line":6,"column":0},"end":{"line":6,"column":56}},"6":{"start":{"line":8,"column":28},"end":{"line":63,"column":2}},"7":{"start":{"line":8,"column":49},"end":{"line":63,"column":2}},"8":{"start":{"line":9,"column":4},"end":{"line":62,"column":null}},"9":{"start":{"line":10,"column":28},"end":{"line":10,"column":50}},"10":{"start":{"line":11,"column":25},"end":{"line":11,"column":63}},"11":{"start":{"line":12,"column":8},"end":{"line":20,"column":null}},"12":{"start":{"line":13,"column":12},"end":{"line":19,"column":14}},"13":{"start":{"line":21,"column":26},"end":{"line":21,"column":62}},"14":{"start":{"line":22,"column":8},"end":{"line":32,"column":null}},"15":{"start":{"line":23,"column":12},"end":{"line":31,"column":14}},"16":{"start":{"line":34,"column":28},"end":{"line":34,"column":86}},"17":{"start":{"line":35,"column":8},"end":{"line":45,"column":null}},"18":{"start":{"line":36,"column":12},"end":{"line":44,"column":14}},"19":{"start":{"line":46,"column":22},"end":{"line":46,"column":45}},"20":{"start":{"line":48,"column":8},"end":{"line":61,"column":null}},"21":{"start":{"line":49,"column":12},"end":{"line":49,"column":60}},"22":{"start":{"line":51,"column":12},"end":{"line":60,"column":14}},"23":{"start":{"line":8,"column":13},"end":{"line":8,"column":28}}},"fnMap":{"0":{"name":"(anonymous_7)","decl":{"start":{"line":8,"column":28},"end":{"line":8,"column":35}},"loc":{"start":{"line":8,"column":49},"end":{"line":63,"column":2}}},"1":{"name":"(anonymous_8)","decl":{"start":{"line":8,"column":49},"end":{"line":8,"column":null}},"loc":{"start":{"line":8,"column":49},"end":{"line":63,"column":1}}}},"branchMap":{"0":{"loc":{"start":{"line":9,"column":4},"end":{"line":62,"column":null}},"type":"if","locations":[{"start":{"line":9,"column":4},"end":{"line":62,"column":null}}]},"1":{"loc":{"start":{"line":9,"column":8},"end":{"line":9,"column":55}},"type":"binary-expr","locations":[{"start":{"line":9,"column":8},"end":{"line":9,"column":32}},{"start":{"line":9,"column":36},"end":{"line":9,"column":55}}]},"2":{"loc":{"start":{"line":12,"column":8},"end":{"line":20,"column":null}},"type":"if","locations":[{"start":{"line":12,"column":8},"end":{"line":20,"column":null}}]},"3":{"loc":{"start":{"line":22,"column":8},"end":{"line":32,"column":null}},"type":"if","locations":[{"start":{"line":22,"column":8},"end":{"line":32,"column":null}}]},"4":{"loc":{"start":{"line":35,"column":8},"end":{"line":45,"column":null}},"type":"if","locations":[{"start":{"line":35,"column":8},"end":{"line":45,"column":null}}]}},"s":{"0":1,"1":1,"2":1,"3":1,"4":1,"5":1,"6":1,"7":5,"8":5,"9":5,"10":5,"11":5,"12":1,"13":4,"14":4,"15":0,"16":4,"17":4,"18":1,"19":3,"20":3,"21":3,"22":1,"23":1},"f":{"0":5,"1":5},"b":{"0":[5],"1":[5,5],"2":[1],"3":[0],"4":[1]}}
,"C:\\BrandoCarquin\\poc-typescript-serverless\\poc-typescript-serverless\\src\\constant\\CardConstant.ts": {"path":"C:\\BrandoCarquin\\poc-typescript-serverless\\poc-typescript-serverless\\src\\constant\\CardConstant.ts","statementMap":{"0":{"start":{"line":1,"column":13},"end":{"line":10,"column":2}}},"fnMap":{},"branchMap":{},"s":{"0":2},"f":{},"b":{}}
,"C:\\BrandoCarquin\\poc-typescript-serverless\\poc-typescript-serverless\\src\\support\\CardSupport.ts": {"path":"C:\\BrandoCarquin\\poc-typescript-serverless\\poc-typescript-serverless\\src\\support\\CardSupport.ts","statementMap":{"0":{"start":{"line":1,"column":32},"end":{"line":16,"column":1}},"1":{"start":{"line":2,"column":33},"end":{"line":2,"column":68}},"2":{"start":{"line":3,"column":30},"end":{"line":3,"column":70}},"3":{"start":{"line":4,"column":24},"end":{"line":4,"column":58}},"4":{"start":{"line":5,"column":26},"end":{"line":5,"column":55}},"5":{"start":{"line":7,"column":4},"end":{"line":15,"column":null}},"6":{"start":{"line":8,"column":8},"end":{"line":8,"column":20}},"7":{"start":{"line":9,"column":11},"end":{"line":15,"column":null}},"8":{"start":{"line":10,"column":8},"end":{"line":10,"column":20}},"9":{"start":{"line":11,"column":11},"end":{"line":15,"column":null}},"10":{"start":{"line":12,"column":8},"end":{"line":12,"column":20}},"11":{"start":{"line":14,"column":8},"end":{"line":14,"column":21}},"12":{"start":{"line":1,"column":13},"end":{"line":1,"column":32}},"13":{"start":{"line":18,"column":27},"end":{"line":36,"column":1}},"14":{"start":{"line":19,"column":19},"end":{"line":19,"column":63}},"15":{"start":{"line":20,"column":15},"end":{"line":20,"column":16}},"16":{"start":{"line":22,"column":4},"end":{"line":33,"column":null}},"17":{"start":{"line":22,"column":17},"end":{"line":22,"column":18}},"18":{"start":{"line":23,"column":16},"end":{"line":23,"column":35}},"19":{"start":{"line":25,"column":6},"end":{"line":30,"column":null}},"20":{"start":{"line":26,"column":8},"end":{"line":26,"column":17}},"21":{"start":{"line":27,"column":8},"end":{"line":29,"column":null}},"22":{"start":{"line":28,"column":10},"end":{"line":28,"column":19}},"23":{"start":{"line":32,"column":6},"end":{"line":32,"column":18}},"24":{"start":{"line":35,"column":4},"end":{"line":35,"column":27}},"25":{"start":{"line":18,"column":13},"end":{"line":18,"column":27}}},"fnMap":{"0":{"name":"(anonymous_0)","decl":{"start":{"line":1,"column":32},"end":{"line":1,"column":33}},"loc":{"start":{"line":1,"column":68},"end":{"line":16,"column":1}}},"1":{"name":"(anonymous_1)","decl":{"start":{"line":18,"column":27},"end":{"line":18,"column":28}},"loc":{"start":{"line":18,"column":53},"end":{"line":36,"column":1}}}},"branchMap":{"0":{"loc":{"start":{"line":7,"column":4},"end":{"line":15,"column":null}},"type":"if","locations":[{"start":{"line":7,"column":4},"end":{"line":15,"column":null}},{"start":{"line":9,"column":11},"end":{"line":15,"column":null}}]},"1":{"loc":{"start":{"line":7,"column":8},"end":{"line":7,"column":68}},"type":"binary-expr","locations":[{"start":{"line":7,"column":8},"end":{"line":7,"column":48}},{"start":{"line":7,"column":52},"end":{"line":7,"column":68}}]},"2":{"loc":{"start":{"line":9,"column":11},"end":{"line":15,"column":null}},"type":"if","locations":[{"start":{"line":9,"column":11},"end":{"line":15,"column":null}},{"start":{"line":11,"column":11},"end":{"line":15,"column":null}}]},"3":{"loc":{"start":{"line":9,"column":15},"end":{"line":9,"column":72}},"type":"binary-expr","locations":[{"start":{"line":9,"column":15},"end":{"line":9,"column":52}},{"start":{"line":9,"column":56},"end":{"line":9,"column":72}}]},"4":{"loc":{"start":{"line":11,"column":11},"end":{"line":15,"column":null}},"type":"if","locations":[{"start":{"line":11,"column":11},"end":{"line":15,"column":null}},{"start":{"line":13,"column":11},"end":{"line":15,"column":null}}]},"5":{"loc":{"start":{"line":11,"column":15},"end":{"line":11,"column":66}},"type":"binary-expr","locations":[{"start":{"line":11,"column":15},"end":{"line":11,"column":46}},{"start":{"line":11,"column":50},"end":{"line":11,"column":66}}]},"6":{"loc":{"start":{"line":25,"column":6},"end":{"line":30,"column":null}},"type":"if","locations":[{"start":{"line":25,"column":6},"end":{"line":30,"column":null}}]},"7":{"loc":{"start":{"line":27,"column":8},"end":{"line":29,"column":null}},"type":"if","locations":[{"start":{"line":27,"column":8},"end":{"line":29,"column":null}}]}},"s":{"0":1,"1":4,"2":4,"3":4,"4":4,"5":4,"6":3,"7":1,"8":0,"9":1,"10":0,"11":1,"12":1,"13":1,"14":4,"15":4,"16":4,"17":4,"18":64,"19":64,"20":32,"21":32,"22":20,"23":64,"24":4,"25":1},"f":{"0":4,"1":4},"b":{"0":[3,1],"1":[4,4],"2":[0,1],"3":[1,0],"4":[0,1],"5":[1,0],"6":[32],"7":[20]}}
,"C:\\BrandoCarquin\\poc-typescript-serverless\\poc-typescript-serverless\\src\\valid\\ChangeCardValidate.ts": {"path":"C:\\BrandoCarquin\\poc-typescript-serverless\\poc-typescript-serverless\\src\\valid\\ChangeCardValidate.ts","statementMap":{"0":{"start":{"line":1,"column":0},"end":{"line":1,"column":64}},"1":{"start":{"line":2,"column":0},"end":{"line":2,"column":22}},"2":{"start":{"line":4,"column":29},"end":{"line":24,"column":2}},"3":{"start":{"line":4,"column":49},"end":{"line":24,"column":2}},"4":{"start":{"line":5,"column":19},"end":{"line":7,"column":6}},"5":{"start":{"line":8,"column":4},"end":{"line":23,"column":null}},"6":{"start":{"line":9,"column":8},"end":{"line":11,"column":11}},"7":{"start":{"line":13,"column":8},"end":{"line":15,"column":10}},"8":{"start":{"line":17,"column":8},"end":{"line":17,"column":null}},"9":{"start":{"line":18,"column":32},"end":{"line":18,"column":55}},"10":{"start":{"line":19,"column":8},"end":{"line":22,"column":10}},"11":{"start":{"line":4,"column":13},"end":{"line":4,"column":29}}},"fnMap":{"0":{"name":"(anonymous_8)","decl":{"start":{"line":4,"column":29},"end":{"line":4,"column":36}},"loc":{"start":{"line":4,"column":49},"end":{"line":24,"column":2}}},"1":{"name":"(anonymous_9)","decl":{"start":{"line":4,"column":49},"end":{"line":4,"column":null}},"loc":{"start":{"line":4,"column":49},"end":{"line":24,"column":1}}}},"branchMap":{},"s":{"0":1,"1":1,"2":1,"3":3,"4":3,"5":3,"6":3,"7":2,"8":1,"9":1,"10":1,"11":1},"f":{"0":3,"1":3},"b":{}}
,"C:\\BrandoCarquin\\poc-typescript-serverless\\poc-typescript-serverless\\src\\valid\\TokenCardValidate.ts": {"path":"C:\\BrandoCarquin\\poc-typescript-serverless\\poc-typescript-serverless\\src\\valid\\TokenCardValidate.ts","statementMap":{"0":{"start":{"line":1,"column":0},"end":{"line":1,"column":64}},"1":{"start":{"line":2,"column":0},"end":{"line":2,"column":58}},"2":{"start":{"line":3,"column":0},"end":{"line":3,"column":27}},"3":{"start":{"line":5,"column":35},"end":{"line":40,"column":2}},"4":{"start":{"line":5,"column":55},"end":{"line":40,"column":2}},"5":{"start":{"line":6,"column":19},"end":{"line":24,"column":6}},"6":{"start":{"line":15,"column":31},"end":{"line":15,"column":50}},"7":{"start":{"line":16,"column":16},"end":{"line":20,"column":null}},"8":{"start":{"line":17,"column":20},"end":{"line":17,"column":33}},"9":{"start":{"line":19,"column":20},"end":{"line":19,"column":115}},"10":{"start":{"line":25,"column":4},"end":{"line":39,"column":null}},"11":{"start":{"line":26,"column":8},"end":{"line":28,"column":11}},"12":{"start":{"line":29,"column":8},"end":{"line":31,"column":10}},"13":{"start":{"line":33,"column":8},"end":{"line":33,"column":null}},"14":{"start":{"line":34,"column":32},"end":{"line":34,"column":84}},"15":{"start":{"line":34,"column":68},"end":{"line":34,"column":83}},"16":{"start":{"line":35,"column":8},"end":{"line":38,"column":10}},"17":{"start":{"line":5,"column":13},"end":{"line":5,"column":35}}},"fnMap":{"0":{"name":"(anonymous_13)","decl":{"start":{"line":5,"column":35},"end":{"line":5,"column":42}},"loc":{"start":{"line":5,"column":55},"end":{"line":40,"column":2}}},"1":{"name":"(anonymous_14)","decl":{"start":{"line":5,"column":55},"end":{"line":5,"column":null}},"loc":{"start":{"line":5,"column":55},"end":{"line":40,"column":1}}},"2":{"name":"(anonymous_15)","decl":{"start":{"line":14,"column":20},"end":{"line":14,"column":21}},"loc":{"start":{"line":14,"column":39},"end":{"line":21,"column":13}}},"3":{"name":"(anonymous_16)","decl":{"start":{"line":34,"column":50},"end":{"line":34,"column":51}},"loc":{"start":{"line":34,"column":68},"end":{"line":34,"column":83}}}},"branchMap":{"0":{"loc":{"start":{"line":16,"column":16},"end":{"line":20,"column":null}},"type":"if","locations":[{"start":{"line":16,"column":16},"end":{"line":20,"column":null}},{"start":{"line":18,"column":23},"end":{"line":20,"column":null}}]}},"s":{"0":1,"1":1,"2":1,"3":1,"4":5,"5":5,"6":5,"7":5,"8":4,"9":1,"10":5,"11":5,"12":4,"13":1,"14":1,"15":1,"16":1,"17":1},"f":{"0":5,"1":5,"2":5,"3":1},"b":{"0":[4,1]}}
,"C:\\BrandoCarquin\\poc-typescript-serverless\\poc-typescript-serverless\\test\\common\\Event.ts": {"path":"C:\\BrandoCarquin\\poc-typescript-serverless\\poc-typescript-serverless\\test\\common\\Event.ts","statementMap":{"0":{"start":{"line":1,"column":23},"end":{"line":71,"column":1}},"1":{"start":{"line":2,"column":4},"end":{"line":70,"column":null}},"2":{"start":{"line":1,"column":13},"end":{"line":1,"column":23}},"3":{"start":{"line":73,"column":23},"end":{"line":144,"column":1}},"4":{"start":{"line":74,"column":4},"end":{"line":143,"column":null}},"5":{"start":{"line":73,"column":13},"end":{"line":73,"column":23}}},"fnMap":{"0":{"name":"(anonymous_0)","decl":{"start":{"line":1,"column":23},"end":{"line":1,"column":24}},"loc":{"start":{"line":1,"column":40},"end":{"line":71,"column":1}}},"1":{"name":"(anonymous_1)","decl":{"start":{"line":73,"column":23},"end":{"line":73,"column":24}},"loc":{"start":{"line":73,"column":41},"end":{"line":144,"column":1}}}},"branchMap":{},"s":{"0":2,"1":5,"2":2,"3":2,"4":3,"5":2},"f":{"0":5,"1":3},"b":{}}
}
