{"C:\\BrandoCarquin\\poc-typescript-serverless\\poc-typescript-serverless\\common\\GenerateToken.ts": {"path":"C:\\BrandoCarquin\\poc-typescript-serverless\\poc-typescript-serverless\\common\\GenerateToken.ts","statementMap":{"0":{"start":{"line":1,"column":35},"end":{"line":11,"column":1}},"1":{"start":{"line":2,"column":31},"end":{"line":2,"column":95}},"2":{"start":{"line":3,"column":28},"end":{"line":3,"column":30}},"3":{"start":{"line":5,"column":4},"end":{"line":8,"column":null}},"4":{"start":{"line":5,"column":17},"end":{"line":5,"column":18}},"5":{"start":{"line":6,"column":36},"end":{"line":6,"column":81}},"6":{"start":{"line":7,"column":8},"end":{"line":7,"column":56}},"7":{"start":{"line":10,"column":4},"end":{"line":10,"column":31}},"8":{"start":{"line":1,"column":13},"end":{"line":1,"column":35}}},"fnMap":{"0":{"name":"(anonymous_0)","decl":{"start":{"line":1,"column":35},"end":{"line":1,"column":36}},"loc":{"start":{"line":1,"column":62},"end":{"line":11,"column":1}}}},"branchMap":{},"s":{"0":1,"1":4,"2":4,"3":4,"4":4,"5":64,"6":64,"7":4,"8":1},"f":{"0":4},"b":{}}
,"C:\\BrandoCarquin\\poc-typescript-serverless\\poc-typescript-serverless\\common\\constant\\ErrorConstant.ts": {"path":"C:\\BrandoCarquin\\poc-typescript-serverless\\poc-typescript-serverless\\common\\constant\\ErrorConstant.ts","statementMap":{"0":{"start":{"line":1,"column":13},"end":{"line":13,"column":2}}},"fnMap":{},"branchMap":{},"s":{"0":2},"f":{},"b":{}}
,"C:\\BrandoCarquin\\poc-typescript-serverless\\poc-typescript-serverless\\common\\db\\MySqlDB.ts": {"path":"C:\\BrandoCarquin\\poc-typescript-serverless\\poc-typescript-serverless\\common\\db\\MySqlDB.ts","statementMap":{"0":{"start":{"line":1,"column":0},"end":{"line":1,"column":40}},"1":{"start":{"line":3,"column":19},"end":{"line":18,"column":2}},"2":{"start":{"line":3,"column":30},"end":{"line":18,"column":2}},"3":{"start":{"line":4,"column":4},"end":{"line":17,"column":null}},"4":{"start":{"line":5,"column":27},"end":{"line":11,"column":10}},"5":{"start":{"line":13,"column":8},"end":{"line":13,"column":26}},"6":{"start":{"line":15,"column":8},"end":{"line":15,"column":65}},"7":{"start":{"line":16,"column":8},"end":{"line":16,"column":20}},"8":{"start":{"line":20,"column":13},"end":{"line":20,"column":39}}},"fnMap":{"0":{"name":"(anonymous_13)","decl":{"start":{"line":3,"column":19},"end":{"line":3,"column":28}},"loc":{"start":{"line":3,"column":30},"end":{"line":18,"column":2}}},"1":{"name":"(anonymous_14)","decl":{"start":{"line":3,"column":30},"end":{"line":3,"column":null}},"loc":{"start":{"line":3,"column":30},"end":{"line":18,"column":1}}}},"branchMap":{},"s":{"0":1,"1":1,"2":1,"3":1,"4":1,"5":0,"6":0,"7":0,"8":1},"f":{"0":1,"1":1},"b":{}}
,"C:\\BrandoCarquin\\poc-typescript-serverless\\poc-typescript-serverless\\src\\ChangeCard.ts": {"path":"C:\\BrandoCarquin\\poc-typescript-serverless\\poc-typescript-serverless\\src\\ChangeCard.ts","statementMap":{"0":{"start":{"line":1,"column":0},"end":{"line":1,"column":59}},"1":{"start":{"line":2,"column":0},"end":{"line":2,"column":61}},"2":{"start":{"line":3,"column":0},"end":{"line":3,"column":53}},"3":{"start":{"line":4,"column":28},"end":{"line":32,"column":null}},"4":{"start":{"line":4,"column":49},"end":{"line":32,"column":null}},"5":{"start":{"line":5,"column":20},"end":{"line":5,"column":33}},"6":{"start":{"line":6,"column":18},"end":{"line":6,"column":42}},"7":{"start":{"line":7,"column":18},"end":{"line":7,"column":59}},"8":{"start":{"line":8,"column":21},"end":{"line":8,"column":74}},"9":{"start":{"line":9,"column":4},"end":{"line":15,"column":6}},"10":{"start":{"line":9,"column":60},"end":{"line":15,"column":6}},"11":{"start":{"line":17,"column":4},"end":{"line":30,"column":null}},"12":{"start":{"line":18,"column":8},"end":{"line":18,"column":54}},"13":{"start":{"line":20,"column":8},"end":{"line":29,"column":10}},"14":{"start":{"line":4,"column":13},"end":{"line":4,"column":28}}},"fnMap":{"0":{"name":"(anonymous_7)","decl":{"start":{"line":4,"column":28},"end":{"line":4,"column":35}},"loc":{"start":{"line":4,"column":49},"end":{"line":32,"column":null}}},"1":{"name":"(anonymous_8)","decl":{"start":{"line":4,"column":49},"end":{"line":4,"column":null}},"loc":{"start":{"line":4,"column":49},"end":{"line":32,"column":1}}}},"branchMap":{"0":{"loc":{"start":{"line":8,"column":50},"end":{"line":8,"column":71}},"type":"cond-expr","locations":[{"start":{"line":8,"column":58},"end":{"line":8,"column":66}},{"start":{"line":8,"column":69},"end":{"line":8,"column":71}}]},"1":{"loc":{"start":{"line":9,"column":4},"end":{"line":15,"column":6}},"type":"if","locations":[{"start":{"line":9,"column":4},"end":{"line":15,"column":6}}]}},"s":{"0":1,"1":1,"2":1,"3":1,"4":3,"5":3,"6":3,"7":3,"8":3,"9":3,"10":1,"11":2,"12":2,"13":1,"14":1},"f":{"0":3,"1":3},"b":{"0":[2,1],"1":[1]}}
,"C:\\BrandoCarquin\\poc-typescript-serverless\\poc-typescript-serverless\\src\\TokenCard.ts": {"path":"C:\\BrandoCarquin\\poc-typescript-serverless\\poc-typescript-serverless\\src\\TokenCard.ts","statementMap":{"0":{"start":{"line":1,"column":0},"end":{"line":1,"column":64}},"1":{"start":{"line":2,"column":0},"end":{"line":2,"column":62}},"2":{"start":{"line":3,"column":0},"end":{"line":3,"column":70}},"3":{"start":{"line":4,"column":0},"end":{"line":4,"column":57}},"4":{"start":{"line":5,"column":0},"end":{"line":5,"column":61}},"5":{"start":{"line":6,"column":0},"end":{"line":6,"column":56}},"6":{"start":{"line":7,"column":0},"end":{"line":7,"column":60}},"7":{"start":{"line":9,"column":28},"end":{"line":80,"column":2}},"8":{"start":{"line":9,"column":49},"end":{"line":80,"column":2}},"9":{"start":{"line":10,"column":4},"end":{"line":79,"column":null}},"10":{"start":{"line":11,"column":28},"end":{"line":11,"column":50}},"11":{"start":{"line":12,"column":25},"end":{"line":12,"column":63}},"12":{"start":{"line":13,"column":8},"end":{"line":21,"column":null}},"13":{"start":{"line":14,"column":12},"end":{"line":20,"column":14}},"14":{"start":{"line":22,"column":26},"end":{"line":22,"column":62}},"15":{"start":{"line":23,"column":8},"end":{"line":33,"column":null}},"16":{"start":{"line":24,"column":12},"end":{"line":32,"column":14}},"17":{"start":{"line":35,"column":28},"end":{"line":35,"column":86}},"18":{"start":{"line":36,"column":8},"end":{"line":46,"column":null}},"19":{"start":{"line":37,"column":12},"end":{"line":45,"column":14}},"20":{"start":{"line":47,"column":22},"end":{"line":47,"column":45}},"21":{"start":{"line":49,"column":27},"end":{"line":49,"column":88}},"22":{"start":{"line":50,"column":8},"end":{"line":77,"column":null}},"23":{"start":{"line":51,"column":12},"end":{"line":64,"column":null}},"24":{"start":{"line":52,"column":16},"end":{"line":52,"column":64}},"25":{"start":{"line":54,"column":16},"end":{"line":63,"column":18}},"26":{"start":{"line":66,"column":12},"end":{"line":75,"column":14}},"27":{"start":{"line":9,"column":13},"end":{"line":9,"column":28}}},"fnMap":{"0":{"name":"(anonymous_7)","decl":{"start":{"line":9,"column":28},"end":{"line":9,"column":35}},"loc":{"start":{"line":9,"column":49},"end":{"line":80,"column":2}}},"1":{"name":"(anonymous_8)","decl":{"start":{"line":9,"column":49},"end":{"line":9,"column":null}},"loc":{"start":{"line":9,"column":49},"end":{"line":80,"column":1}}}},"branchMap":{"0":{"loc":{"start":{"line":10,"column":4},"end":{"line":79,"column":null}},"type":"if","locations":[{"start":{"line":10,"column":4},"end":{"line":79,"column":null}}]},"1":{"loc":{"start":{"line":10,"column":8},"end":{"line":10,"column":55}},"type":"binary-expr","locations":[{"start":{"line":10,"column":8},"end":{"line":10,"column":32}},{"start":{"line":10,"column":36},"end":{"line":10,"column":55}}]},"2":{"loc":{"start":{"line":13,"column":8},"end":{"line":21,"column":null}},"type":"if","locations":[{"start":{"line":13,"column":8},"end":{"line":21,"column":null}}]},"3":{"loc":{"start":{"line":23,"column":8},"end":{"line":33,"column":null}},"type":"if","locations":[{"start":{"line":23,"column":8},"end":{"line":33,"column":null}}]},"4":{"loc":{"start":{"line":36,"column":8},"end":{"line":46,"column":null}},"type":"if","locations":[{"start":{"line":36,"column":8},"end":{"line":46,"column":null}}]},"5":{"loc":{"start":{"line":50,"column":8},"end":{"line":77,"column":null}},"type":"if","locations":[{"start":{"line":50,"column":8},"end":{"line":77,"column":null}},{"start":{"line":65,"column":15},"end":{"line":77,"column":null}}]}},"s":{"0":1,"1":1,"2":1,"3":1,"4":1,"5":1,"6":1,"7":1,"8":6,"9":6,"10":6,"11":6,"12":6,"13":1,"14":5,"15":5,"16":0,"17":5,"18":5,"19":1,"20":4,"21":4,"22":4,"23":3,"24":3,"25":1,"26":1,"27":1},"f":{"0":6,"1":6},"b":{"0":[6],"1":[6,6],"2":[1],"3":[0],"4":[1],"5":[3,1]}}
,"C:\\BrandoCarquin\\poc-typescript-serverless\\poc-typescript-serverless\\src\\constant\\CardConstant.ts": {"path":"C:\\BrandoCarquin\\poc-typescript-serverless\\poc-typescript-serverless\\src\\constant\\CardConstant.ts","statementMap":{"0":{"start":{"line":1,"column":13},"end":{"line":11,"column":2}}},"fnMap":{},"branchMap":{},"s":{"0":2},"f":{},"b":{}}
,"C:\\BrandoCarquin\\poc-typescript-serverless\\poc-typescript-serverless\\src\\support\\CardSupport.ts": {"path":"C:\\BrandoCarquin\\poc-typescript-serverless\\poc-typescript-serverless\\src\\support\\CardSupport.ts","statementMap":{"0":{"start":{"line":1,"column":32},"end":{"line":16,"column":1}},"1":{"start":{"line":2,"column":33},"end":{"line":2,"column":68}},"2":{"start":{"line":3,"column":30},"end":{"line":3,"column":70}},"3":{"start":{"line":4,"column":24},"end":{"line":4,"column":58}},"4":{"start":{"line":5,"column":26},"end":{"line":5,"column":55}},"5":{"start":{"line":7,"column":4},"end":{"line":15,"column":null}},"6":{"start":{"line":8,"column":8},"end":{"line":8,"column":20}},"7":{"start":{"line":9,"column":11},"end":{"line":15,"column":null}},"8":{"start":{"line":10,"column":8},"end":{"line":10,"column":20}},"9":{"start":{"line":11,"column":11},"end":{"line":15,"column":null}},"10":{"start":{"line":12,"column":8},"end":{"line":12,"column":20}},"11":{"start":{"line":14,"column":8},"end":{"line":14,"column":21}},"12":{"start":{"line":1,"column":13},"end":{"line":1,"column":32}},"13":{"start":{"line":18,"column":27},"end":{"line":36,"column":1}},"14":{"start":{"line":19,"column":19},"end":{"line":19,"column":63}},"15":{"start":{"line":20,"column":15},"end":{"line":20,"column":16}},"16":{"start":{"line":22,"column":4},"end":{"line":33,"column":null}},"17":{"start":{"line":22,"column":17},"end":{"line":22,"column":18}},"18":{"start":{"line":23,"column":16},"end":{"line":23,"column":35}},"19":{"start":{"line":25,"column":6},"end":{"line":30,"column":null}},"20":{"start":{"line":26,"column":8},"end":{"line":26,"column":17}},"21":{"start":{"line":27,"column":8},"end":{"line":29,"column":null}},"22":{"start":{"line":28,"column":10},"end":{"line":28,"column":19}},"23":{"start":{"line":32,"column":6},"end":{"line":32,"column":18}},"24":{"start":{"line":35,"column":4},"end":{"line":35,"column":27}},"25":{"start":{"line":18,"column":13},"end":{"line":18,"column":27}}},"fnMap":{"0":{"name":"(anonymous_0)","decl":{"start":{"line":1,"column":32},"end":{"line":1,"column":33}},"loc":{"start":{"line":1,"column":68},"end":{"line":16,"column":1}}},"1":{"name":"(anonymous_1)","decl":{"start":{"line":18,"column":27},"end":{"line":18,"column":28}},"loc":{"start":{"line":18,"column":53},"end":{"line":36,"column":1}}}},"branchMap":{"0":{"loc":{"start":{"line":7,"column":4},"end":{"line":15,"column":null}},"type":"if","locations":[{"start":{"line":7,"column":4},"end":{"line":15,"column":null}},{"start":{"line":9,"column":11},"end":{"line":15,"column":null}}]},"1":{"loc":{"start":{"line":7,"column":8},"end":{"line":7,"column":68}},"type":"binary-expr","locations":[{"start":{"line":7,"column":8},"end":{"line":7,"column":48}},{"start":{"line":7,"column":52},"end":{"line":7,"column":68}}]},"2":{"loc":{"start":{"line":9,"column":11},"end":{"line":15,"column":null}},"type":"if","locations":[{"start":{"line":9,"column":11},"end":{"line":15,"column":null}},{"start":{"line":11,"column":11},"end":{"line":15,"column":null}}]},"3":{"loc":{"start":{"line":9,"column":15},"end":{"line":9,"column":72}},"type":"binary-expr","locations":[{"start":{"line":9,"column":15},"end":{"line":9,"column":52}},{"start":{"line":9,"column":56},"end":{"line":9,"column":72}}]},"4":{"loc":{"start":{"line":11,"column":11},"end":{"line":15,"column":null}},"type":"if","locations":[{"start":{"line":11,"column":11},"end":{"line":15,"column":null}},{"start":{"line":13,"column":11},"end":{"line":15,"column":null}}]},"5":{"loc":{"start":{"line":11,"column":15},"end":{"line":11,"column":66}},"type":"binary-expr","locations":[{"start":{"line":11,"column":15},"end":{"line":11,"column":46}},{"start":{"line":11,"column":50},"end":{"line":11,"column":66}}]},"6":{"loc":{"start":{"line":25,"column":6},"end":{"line":30,"column":null}},"type":"if","locations":[{"start":{"line":25,"column":6},"end":{"line":30,"column":null}}]},"7":{"loc":{"start":{"line":27,"column":8},"end":{"line":29,"column":null}},"type":"if","locations":[{"start":{"line":27,"column":8},"end":{"line":29,"column":null}}]}},"s":{"0":1,"1":5,"2":5,"3":5,"4":5,"5":5,"6":4,"7":1,"8":0,"9":1,"10":0,"11":1,"12":1,"13":1,"14":5,"15":5,"16":5,"17":5,"18":80,"19":80,"20":40,"21":40,"22":25,"23":80,"24":5,"25":1},"f":{"0":5,"1":5},"b":{"0":[4,1],"1":[5,5],"2":[0,1],"3":[1,0],"4":[0,1],"5":[1,0],"6":[40],"7":[25]}}
,"C:\\BrandoCarquin\\poc-typescript-serverless\\poc-typescript-serverless\\src\\valid\\ChangeCardValidate.ts": {"path":"C:\\BrandoCarquin\\poc-typescript-serverless\\poc-typescript-serverless\\src\\valid\\ChangeCardValidate.ts","statementMap":{"0":{"start":{"line":1,"column":0},"end":{"line":1,"column":64}},"1":{"start":{"line":2,"column":0},"end":{"line":2,"column":22}},"2":{"start":{"line":4,"column":29},"end":{"line":24,"column":2}},"3":{"start":{"line":4,"column":49},"end":{"line":24,"column":2}},"4":{"start":{"line":5,"column":19},"end":{"line":7,"column":6}},"5":{"start":{"line":8,"column":4},"end":{"line":23,"column":null}},"6":{"start":{"line":9,"column":8},"end":{"line":11,"column":11}},"7":{"start":{"line":13,"column":8},"end":{"line":15,"column":10}},"8":{"start":{"line":17,"column":8},"end":{"line":17,"column":null}},"9":{"start":{"line":18,"column":32},"end":{"line":18,"column":55}},"10":{"start":{"line":19,"column":8},"end":{"line":22,"column":10}},"11":{"start":{"line":4,"column":13},"end":{"line":4,"column":29}}},"fnMap":{"0":{"name":"(anonymous_8)","decl":{"start":{"line":4,"column":29},"end":{"line":4,"column":36}},"loc":{"start":{"line":4,"column":49},"end":{"line":24,"column":2}}},"1":{"name":"(anonymous_9)","decl":{"start":{"line":4,"column":49},"end":{"line":4,"column":null}},"loc":{"start":{"line":4,"column":49},"end":{"line":24,"column":1}}}},"branchMap":{},"s":{"0":1,"1":1,"2":1,"3":3,"4":3,"5":3,"6":3,"7":2,"8":1,"9":1,"10":1,"11":1},"f":{"0":3,"1":3},"b":{}}
,"C:\\BrandoCarquin\\poc-typescript-serverless\\poc-typescript-serverless\\src\\valid\\TokenCardValidate.ts": {"path":"C:\\BrandoCarquin\\poc-typescript-serverless\\poc-typescript-serverless\\src\\valid\\TokenCardValidate.ts","statementMap":{"0":{"start":{"line":1,"column":0},"end":{"line":1,"column":64}},"1":{"start":{"line":2,"column":0},"end":{"line":2,"column":58}},"2":{"start":{"line":3,"column":0},"end":{"line":3,"column":27}},"3":{"start":{"line":5,"column":35},"end":{"line":40,"column":2}},"4":{"start":{"line":5,"column":55},"end":{"line":40,"column":2}},"5":{"start":{"line":6,"column":19},"end":{"line":24,"column":6}},"6":{"start":{"line":15,"column":31},"end":{"line":15,"column":50}},"7":{"start":{"line":16,"column":16},"end":{"line":20,"column":null}},"8":{"start":{"line":17,"column":20},"end":{"line":17,"column":33}},"9":{"start":{"line":19,"column":20},"end":{"line":19,"column":115}},"10":{"start":{"line":25,"column":4},"end":{"line":39,"column":null}},"11":{"start":{"line":26,"column":8},"end":{"line":28,"column":11}},"12":{"start":{"line":29,"column":8},"end":{"line":31,"column":10}},"13":{"start":{"line":33,"column":8},"end":{"line":33,"column":null}},"14":{"start":{"line":34,"column":32},"end":{"line":34,"column":84}},"15":{"start":{"line":34,"column":68},"end":{"line":34,"column":83}},"16":{"start":{"line":35,"column":8},"end":{"line":38,"column":10}},"17":{"start":{"line":5,"column":13},"end":{"line":5,"column":35}}},"fnMap":{"0":{"name":"(anonymous_13)","decl":{"start":{"line":5,"column":35},"end":{"line":5,"column":42}},"loc":{"start":{"line":5,"column":55},"end":{"line":40,"column":2}}},"1":{"name":"(anonymous_14)","decl":{"start":{"line":5,"column":55},"end":{"line":5,"column":null}},"loc":{"start":{"line":5,"column":55},"end":{"line":40,"column":1}}},"2":{"name":"(anonymous_15)","decl":{"start":{"line":14,"column":20},"end":{"line":14,"column":21}},"loc":{"start":{"line":14,"column":39},"end":{"line":21,"column":13}}},"3":{"name":"(anonymous_16)","decl":{"start":{"line":34,"column":50},"end":{"line":34,"column":51}},"loc":{"start":{"line":34,"column":68},"end":{"line":34,"column":83}}}},"branchMap":{"0":{"loc":{"start":{"line":16,"column":16},"end":{"line":20,"column":null}},"type":"if","locations":[{"start":{"line":16,"column":16},"end":{"line":20,"column":null}},{"start":{"line":18,"column":23},"end":{"line":20,"column":null}}]}},"s":{"0":1,"1":1,"2":1,"3":1,"4":6,"5":6,"6":6,"7":6,"8":5,"9":1,"10":6,"11":6,"12":5,"13":1,"14":1,"15":1,"16":1,"17":1},"f":{"0":6,"1":6,"2":6,"3":1},"b":{"0":[5,1]}}
,"C:\\BrandoCarquin\\poc-typescript-serverless\\poc-typescript-serverless\\test\\common\\Event.ts": {"path":"C:\\BrandoCarquin\\poc-typescript-serverless\\poc-typescript-serverless\\test\\common\\Event.ts","statementMap":{"0":{"start":{"line":1,"column":23},"end":{"line":71,"column":1}},"1":{"start":{"line":2,"column":4},"end":{"line":70,"column":null}},"2":{"start":{"line":1,"column":13},"end":{"line":1,"column":23}},"3":{"start":{"line":73,"column":23},"end":{"line":144,"column":1}},"4":{"start":{"line":74,"column":4},"end":{"line":143,"column":null}},"5":{"start":{"line":73,"column":13},"end":{"line":73,"column":23}}},"fnMap":{"0":{"name":"(anonymous_0)","decl":{"start":{"line":1,"column":23},"end":{"line":1,"column":24}},"loc":{"start":{"line":1,"column":40},"end":{"line":71,"column":1}}},"1":{"name":"(anonymous_1)","decl":{"start":{"line":73,"column":23},"end":{"line":73,"column":24}},"loc":{"start":{"line":73,"column":41},"end":{"line":144,"column":1}}}},"branchMap":{},"s":{"0":2,"1":6,"2":2,"3":2,"4":3,"5":2},"f":{"0":6,"1":3},"b":{}}
}
