TN:
SF:common\GenerateToken.ts
FN:1,(anonymous_0)
FNF:1
FNH:1
FNDA:4,(anonymous_0)
DA:1,1
DA:2,4
DA:3,4
DA:5,4
DA:6,64
DA:7,64
DA:10,4
LF:7
LH:7
BRF:0
BRH:0
end_of_record
TN:
SF:common\constant\ErrorConstant.ts
FNF:0
FNH:0
DA:1,2
LF:1
LH:1
BRF:0
BRH:0
end_of_record
TN:
SF:common\db\MySqlDB.ts
FN:3,(anonymous_13)
FN:3,(anonymous_14)
FNF:2
FNH:2
FNDA:1,(anonymous_13)
FNDA:1,(anonymous_14)
DA:1,1
DA:3,1
DA:4,1
DA:5,1
DA:13,0
DA:15,0
DA:16,0
DA:20,1
LF:8
LH:5
BRF:0
BRH:0
end_of_record
TN:
SF:src\ChangeCard.ts
FN:4,(anonymous_7)
FN:4,(anonymous_8)
FNF:2
FNH:2
FNDA:3,(anonymous_7)
FNDA:3,(anonymous_8)
DA:1,1
DA:2,1
DA:3,1
DA:4,3
DA:5,3
DA:6,3
DA:7,3
DA:8,3
DA:9,3
DA:17,2
DA:18,2
DA:20,1
LF:12
LH:12
BRDA:8,0,0,2
BRDA:8,0,1,1
BRDA:9,1,0,1
BRF:3
BRH:3
end_of_record
TN:
SF:src\TokenCard.ts
FN:9,(anonymous_7)
FN:9,(anonymous_8)
FNF:2
FNH:2
FNDA:6,(anonymous_7)
FNDA:6,(anonymous_8)
DA:1,1
DA:2,1
DA:3,1
DA:4,1
DA:5,1
DA:6,1
DA:7,1
DA:9,6
DA:10,6
DA:11,6
DA:12,6
DA:13,6
DA:14,1
DA:22,5
DA:23,5
DA:24,0
DA:35,5
DA:36,5
DA:37,1
DA:47,4
DA:49,4
DA:50,4
DA:51,3
DA:52,3
DA:54,1
DA:66,1
LF:26
LH:25
BRDA:10,0,0,6
BRDA:10,1,0,6
BRDA:10,1,1,6
BRDA:13,2,0,1
BRDA:23,3,0,0
BRDA:36,4,0,1
BRDA:50,5,0,3
BRDA:50,5,1,1
BRF:8
BRH:7
end_of_record
TN:
SF:src\constant\CardConstant.ts
FNF:0
FNH:0
DA:1,2
LF:1
LH:1
BRF:0
BRH:0
end_of_record
TN:
SF:src\support\CardSupport.ts
FN:1,(anonymous_0)
FN:18,(anonymous_1)
FNF:2
FNH:2
FNDA:5,(anonymous_0)
FNDA:5,(anonymous_1)
DA:1,1
DA:2,5
DA:3,5
DA:4,5
DA:5,5
DA:7,5
DA:8,4
DA:9,1
DA:10,0
DA:11,1
DA:12,0
DA:14,1
DA:18,1
DA:19,5
DA:20,5
DA:22,5
DA:23,80
DA:25,80
DA:26,40
DA:27,40
DA:28,25
DA:32,80
DA:35,5
LF:23
LH:21
BRDA:7,0,0,4
BRDA:7,0,1,1
BRDA:7,1,0,5
BRDA:7,1,1,5
BRDA:9,2,0,0
BRDA:9,2,1,1
BRDA:9,3,0,1
BRDA:9,3,1,0
BRDA:11,4,0,0
BRDA:11,4,1,1
BRDA:11,5,0,1
BRDA:11,5,1,0
BRDA:25,6,0,40
BRDA:27,7,0,25
BRF:14
BRH:10
end_of_record
TN:
SF:src\valid\ChangeCardValidate.ts
FN:4,(anonymous_8)
FN:4,(anonymous_9)
FNF:2
FNH:2
FNDA:3,(anonymous_8)
FNDA:3,(anonymous_9)
DA:1,1
DA:2,1
DA:4,3
DA:5,3
DA:8,3
DA:9,3
DA:13,2
DA:17,1
DA:18,1
DA:19,1
LF:10
LH:10
BRF:0
BRH:0
end_of_record
TN:
SF:src\valid\TokenCardValidate.ts
FN:5,(anonymous_13)
FN:5,(anonymous_14)
FN:14,(anonymous_15)
FN:34,(anonymous_16)
FNF:4
FNH:4
FNDA:6,(anonymous_13)
FNDA:6,(anonymous_14)
FNDA:6,(anonymous_15)
FNDA:1,(anonymous_16)
DA:1,1
DA:2,1
DA:3,1
DA:5,6
DA:6,6
DA:15,6
DA:16,6
DA:17,5
DA:19,1
DA:25,6
DA:26,6
DA:29,5
DA:33,1
DA:34,1
DA:35,1
LF:15
LH:15
BRDA:16,0,0,5
BRDA:16,0,1,1
BRF:2
BRH:2
end_of_record
TN:
SF:test\common\Event.ts
FN:1,(anonymous_0)
FN:73,(anonymous_1)
FNF:2
FNH:2
FNDA:6,(anonymous_0)
FNDA:3,(anonymous_1)
DA:1,2
DA:2,6
DA:73,2
DA:74,3
LF:4
LH:4
BRF:0
BRH:0
end_of_record
