TN:
SF:common\GenerateToken.ts
FN:1,(anonymous_0)
FNF:1
FNH:1
FNDA:3,(anonymous_0)
DA:1,1
DA:2,3
DA:3,3
DA:5,3
DA:6,48
DA:7,48
DA:10,3
LF:7
LH:7
BRF:0
BRH:0
end_of_record
TN:
SF:common\constant\ErrorConstant.ts
FNF:0
FNH:0
DA:1,2
LF:1
LH:1
BRF:0
BRH:0
end_of_record
TN:
SF:src\ChangeCard.ts
FN:4,(anonymous_7)
FN:4,(anonymous_8)
FNF:2
FNH:2
FNDA:3,(anonymous_7)
FNDA:3,(anonymous_8)
DA:1,1
DA:2,1
DA:3,1
DA:4,3
DA:5,3
DA:6,3
DA:7,3
DA:8,3
DA:9,3
DA:17,2
DA:18,2
DA:20,1
LF:12
LH:12
BRDA:8,0,0,2
BRDA:8,0,1,1
BRDA:9,1,0,1
BRF:3
BRH:3
end_of_record
TN:
SF:src\TokenCard.ts
FN:8,(anonymous_7)
FN:8,(anonymous_8)
FNF:2
FNH:2
FNDA:5,(anonymous_7)
FNDA:5,(anonymous_8)
DA:1,1
DA:2,1
DA:3,1
DA:4,1
DA:5,1
DA:6,1
DA:8,5
DA:9,5
DA:10,5
DA:11,5
DA:12,5
DA:13,1
DA:21,4
DA:22,4
DA:23,0
DA:34,4
DA:35,4
DA:36,1
DA:46,3
DA:48,3
DA:49,3
DA:51,1
LF:22
LH:21
BRDA:9,0,0,5
BRDA:9,1,0,5
BRDA:9,1,1,5
BRDA:12,2,0,1
BRDA:22,3,0,0
BRDA:35,4,0,1
BRF:6
BRH:5
end_of_record
TN:
SF:src\constant\CardConstant.ts
FNF:0
FNH:0
DA:1,2
LF:1
LH:1
BRF:0
BRH:0
end_of_record
TN:
SF:src\support\CardSupport.ts
FN:1,(anonymous_0)
FN:18,(anonymous_1)
FNF:2
FNH:2
FNDA:4,(anonymous_0)
FNDA:4,(anonymous_1)
DA:1,1
DA:2,4
DA:3,4
DA:4,4
DA:5,4
DA:7,4
DA:8,3
DA:9,1
DA:10,0
DA:11,1
DA:12,0
DA:14,1
DA:18,1
DA:19,4
DA:20,4
DA:22,4
DA:23,64
DA:25,64
DA:26,32
DA:27,32
DA:28,20
DA:32,64
DA:35,4
LF:23
LH:21
BRDA:7,0,0,3
BRDA:7,0,1,1
BRDA:7,1,0,4
BRDA:7,1,1,4
BRDA:9,2,0,0
BRDA:9,2,1,1
BRDA:9,3,0,1
BRDA:9,3,1,0
BRDA:11,4,0,0
BRDA:11,4,1,1
BRDA:11,5,0,1
BRDA:11,5,1,0
BRDA:25,6,0,32
BRDA:27,7,0,20
BRF:14
BRH:10
end_of_record
TN:
SF:src\valid\ChangeCardValidate.ts
FN:4,(anonymous_8)
FN:4,(anonymous_9)
FNF:2
FNH:2
FNDA:3,(anonymous_8)
FNDA:3,(anonymous_9)
DA:1,1
DA:2,1
DA:4,3
DA:5,3
DA:8,3
DA:9,3
DA:13,2
DA:17,1
DA:18,1
DA:19,1
LF:10
LH:10
BRF:0
BRH:0
end_of_record
TN:
SF:src\valid\TokenCardValidate.ts
FN:5,(anonymous_13)
FN:5,(anonymous_14)
FN:14,(anonymous_15)
FN:34,(anonymous_16)
FNF:4
FNH:4
FNDA:5,(anonymous_13)
FNDA:5,(anonymous_14)
FNDA:5,(anonymous_15)
FNDA:1,(anonymous_16)
DA:1,1
DA:2,1
DA:3,1
DA:5,5
DA:6,5
DA:15,5
DA:16,5
DA:17,4
DA:19,1
DA:25,5
DA:26,5
DA:29,4
DA:33,1
DA:34,1
DA:35,1
LF:15
LH:15
BRDA:16,0,0,4
BRDA:16,0,1,1
BRF:2
BRH:2
end_of_record
TN:
SF:test\common\Event.ts
FN:1,(anonymous_0)
FN:73,(anonymous_1)
FNF:2
FNH:2
FNDA:5,(anonymous_0)
FNDA:3,(anonymous_1)
DA:1,2
DA:2,5
DA:73,2
DA:74,3
LF:4
LH:4
BRF:0
BRH:0
end_of_record
